# JRE version: Java(TM) SE Runtime Environment (11.0.6+8) (build 11.0.6+8-LTS)
# Java VM: Java HotSpot(TM) 64-Bit Server VM (11.0.6+8-LTS, mixed mode, tiered, compressed oops, g1 gc, linux-amd64)
Heap:
 garbage-first heap   total 821248K, used 226456K [0x0000000085600000, 0x0000000100000000)
  region size 1024K, 3 young (3072K), 3 survivors (3072K)
 Metaspace       used 72357K, capacity 74584K, committed 74624K, reserved 1116160K
  class space    used 7993K, capacity 8797K, committed 8832K, reserved 1048576K
GC Heap History (10 events):
Event: 12939.229 GC heap after
{Heap after GC invocations=816 (full 0):
 garbage-first heap   total 220160K, used 197199K [0x0000000085600000, 0x0000000100000000)
  region size 1024K, 2 young (2048K), 2 survivors (2048K)
 Metaspace       used 72276K, capacity 74510K, committed 74624K, reserved 1116160K
  class space    used 7983K, capacity 8779K, committed 8832K, reserved 1048576K
}
Event: 12939.241 GC heap before
{Heap before GC invocations=816 (full 0):
 garbage-first heap   total 220160K, used 205391K [0x0000000085600000, 0x0000000100000000)
  region size 1024K, 10 young (10240K), 2 survivors (2048K)
 Metaspace       used 72276K, capacity 74510K, committed 74624K, reserved 1116160K
  class space    used 7983K, capacity 8779K, committed 8832K, reserved 1048576K
}
Event: 12939.247 GC heap after
{Heap after GC invocations=817 (full 0):
 garbage-first heap   total 284672K, used 200097K [0x0000000085600000, 0x0000000100000000)
  region size 1024K, 2 young (2048K), 2 survivors (2048K)
 Metaspace       used 72276K, capacity 74510K, committed 74624K, reserved 1116160K
  class space    used 7983K, capacity 8779K, committed 8832K, reserved 1048576K
}
Event: 12939.294 GC heap before
{Heap before GC invocations=817 (full 0):
 garbage-first heap   total 284672K, used 221601K [0x0000000085600000, 0x0000000100000000)
  region size 1024K, 23 young (23552K), 2 survivors (2048K)
 Metaspace       used 72276K, capacity 74510K, committed 74624K, reserved 1116160K
  class space    used 7983K, capacity 8779K, committed 8832K, reserved 1048576K
}
Event: 12939.302 GC heap after
{Heap after GC invocations=818 (full 0):
 garbage-first heap   total 284672K, used 207382K [0x0000000085600000, 0x0000000100000000)
  region size 1024K, 3 young (3072K), 3 survivors (3072K)
 Metaspace       used 72276K, capacity 74510K, committed 74624K, reserved 1116160K
  class space    used 7983K, capacity 8779K, committed 8832K, reserved 1048576K
}
Event: 12939.362 GC heap before
{Heap before GC invocations=818 (full 0):
 garbage-first heap   total 284672K, used 227862K [0x0000000085600000, 0x0000000100000000)
  region size 1024K, 23 young (23552K), 3 survivors (3072K)
 Metaspace       used 72276K, capacity 74510K, committed 74624K, reserved 1116160K
  class space    used 7983K, capacity 8779K, committed 8832K, reserved 1048576K
}
Event: 12939.371 GC heap after
{Heap after GC invocations=819 (full 0):
 garbage-first heap   total 284672K, used 214528K [0x0000000085600000, 0x0000000100000000)
  region size 1024K, 3 young (3072K), 3 survivors (3072K)
 Metaspace       used 72276K, capacity 74510K, committed 74624K, reserved 1116160K
  class space    used 7983K, capacity 8779K, committed 8832K, reserved 1048576K
}
Event: 12939.396 GC heap before
{Heap before GC invocations=819 (full 0):
 garbage-first heap   total 284672K, used 232960K [0x0000000085600000, 0x0000000100000000)
  region size 1024K, 21 young (21504K), 3 survivors (3072K)
 Metaspace       used 72276K, capacity 74510K, committed 74624K, reserved 1116160K
  class space    used 7983K, capacity 8779K, committed 8832K, reserved 1048576K
}
Event: 12939.407 GC heap after
{Heap after GC invocations=820 (full 0):
 garbage-first heap   total 284672K, used 221184K [0x0000000085600000, 0x0000000100000000)
  region size 1024K, 3 young (3072K), 3 survivors (3072K)
 Metaspace       used 72276K, capacity 74510K, committed 74624K, reserved 1116160K
  class space    used 7983K, capacity 8779K, committed 8832K, reserved 1048576K
}
Event: 12939.540 GC heap before
{Heap before GC invocations=821 (full 0):
 garbage-first heap   total 284672K, used 237568K [0x0000000085600000, 0x0000000100000000)
  region size 1024K, 19 young (19456K), 3 survivors (3072K)
 Metaspace       used 72357K, capacity 74584K, committed 74624K, reserved 1116160K
  class space    used 7993K, capacity 8797K, committed 8832K, reserved 1048576K
}

